app/build/outputs/logs/manifest-merger-debug-report.txt
-- Merging decision tree log ---
manifest
ADDED from src\main\AndroidManifest.xml:2:1-40:12
	package
		ADDED from src\main\AndroidManifest.xml:2:11-49
		INJECTED from src\main\AndroidManifest.xml
		INJECTED from src\main\AndroidManifest.xml
	android:versionName
		INJECTED from src\main\AndroidManifest.xml
		INJECTED from src\main\AndroidManifest.xml
	xmlns:android
		ADDED from src\main\AndroidManifest.xml:3:11-69
	android:versionCode
		INJECTED from src\main\AndroidManifest.xml
		INJECTED from src\main\AndroidManifest.xml
uses-permission#android.permission.INTERNET
ADDED from src\main\AndroidManifest.xml:5:2-63
	android:name
		ADDED from src\main\AndroidManifest.xml:5:19-61
uses-permission#android.permission.WRITE_EXTERNAL_STORAGE
ADDED from src\main\AndroidManifest.xml:6:2-77
	android:name
		ADDED from src\main\AndroidManifest.xml:6:19-75
uses-permission#android.permission.READ_EXTERNAL_STORAGE
ADDED from src\main\AndroidManifest.xml:7:2-76
	android:name
		ADDED from src\main\AndroidManifest.xml:7:19-74
application
ADDED from src\main\AndroidManifest.xml:9:2-38:16
MERGED from [com.android.support:appcompat-v7:25.1.1] AndroidManifest.xml:25:5-20
MERGED from [com.android.support:support-v4:25.1.1] AndroidManifest.xml:25:5-20
MERGED from [com.android.support:support-fragment:25.1.1] AndroidManifest.xml:25:5-20
MERGED from [com.android.support:support-media-compat:25.1.1] AndroidManifest.xml:25:5-20
MERGED from [com.android.support:support-core-utils:25.1.1] AndroidManifest.xml:25:5-20
MERGED from [com.android.support:animated-vector-drawable:25.1.1] AndroidManifest.xml:22:5-20
MERGED from [com.android.support:support-vector-drawable:25.1.1] AndroidManifest.xml:23:5-20
MERGED from [com.android.support:support-core-ui:25.1.1] AndroidManifest.xml:25:5-20
MERGED from [com.android.support:support-compat:25.1.1] AndroidManifest.xml:25:5-20
MERGED from [com.android.support:cardview-v7:25.1.1] AndroidManifest.xml:22:5-20
	android:label
		ADDED from src\main\AndroidManifest.xml:12:3-35
	android:supportsRtl
		ADDED from src\main\AndroidManifest.xml:13:3-29
	android:allowBackup
		ADDED from src\main\AndroidManifest.xml:10:3-29
	android:icon
		ADDED from src\main\AndroidManifest.xml:11:3-37
	android:theme
		ADDED from src\main\AndroidManifest.xml:14:3-34
meta-data#com.android.recyclerviewtest.utils.imageutil.ConsumerGlideModule
ADDED from src\main\AndroidManifest.xml:17:3-19:33
	android:value
		ADDED from src\main\AndroidManifest.xml:19:4-31
	android:name
		ADDED from src\main\AndroidManifest.xml:18:4-83
activity#com.android.recyclerviewtest.activity.MainActivity
ADDED from src\main\AndroidManifest.xml:21:3-27:14
	android:name
		ADDED from src\main\AndroidManifest.xml:21:13-50
intent-filter#android.intent.action.MAIN+android.intent.category.LAUNCHER
ADDED from src\main\AndroidManifest.xml:22:4-26:20
action#android.intent.action.MAIN
ADDED from src\main\AndroidManifest.xml:23:5-56
	android:name
		ADDED from src\main\AndroidManifest.xml:23:13-54
category#android.intent.category.LAUNCHER
ADDED from src\main\AndroidManifest.xml:25:5-64
	android:name
		ADDED from src\main\AndroidManifest.xml:25:15-62
activity#com.android.recyclerviewtest.activity.List1Activity
ADDED from src\main\AndroidManifest.xml:28:3-53
	android:name
		ADDED from src\main\AndroidManifest.xml:28:13-51
activity#com.android.recyclerviewtest.activity.List2Activity
ADDED from src\main\AndroidManifest.xml:29:3-53
	android:name
		ADDED from src\main\AndroidManifest.xml:29:13-51
activity#com.android.recyclerviewtest.activity.Grid1Activity
ADDED from src\main\AndroidManifest.xml:30:3-53
	android:name
		ADDED from src\main\AndroidManifest.xml:30:13-51
activity#com.android.recyclerviewtest.activity.Grid2Activity
ADDED from src\main\AndroidManifest.xml:31:3-53
	android:name
		ADDED from src\main\AndroidManifest.xml:31:13-51
activity#com.android.recyclerviewtest.activity.Grid3Activity
ADDED from src\main\AndroidManifest.xml:32:3-53
	android:name
		ADDED from src\main\AndroidManifest.xml:32:13-51
activity#com.android.recyclerviewtest.activity.Staggered1Activity
ADDED from src\main\AndroidManifest.xml:33:3-58
	android:name
		ADDED from src\main\AndroidManifest.xml:33:13-56
activity#com.android.recyclerviewtest.activity.Staggered2Activity
ADDED from src\main\AndroidManifest.xml:34:3-58
	android:name
		ADDED from src\main\AndroidManifest.xml:34:13-56
activity#com.android.recyclerviewtest.activity.MultipleItemActivity
ADDED from src\main\AndroidManifest.xml:35:3-60
	android:name
		ADDED from src\main\AndroidManifest.xml:35:13-58
activity#com.android.recyclerviewtest.activity.RefreshActivity
ADDED from src\main\AndroidManifest.xml:36:3-55
	android:name
		ADDED from src\main\AndroidManifest.xml:36:13-53
activity#com.android.recyclerviewtest.activity.ItemTouchActivity
ADDED from src\main\AndroidManifest.xml:37:3-57
	android:name
		ADDED from src\main\AndroidManifest.xml:37:13-55
uses-sdk
INJECTED from src\main\AndroidManifest.xml reason: use-sdk injection requested
MERGED from [com.android.support:appcompat-v7:25.1.1] AndroidManifest.xml:21:5-23:78
MERGED from [com.android.support:support-v4:25.1.1] AndroidManifest.xml:21:5-23:54
MERGED from [com.android.support:support-fragment:25.1.1] AndroidManifest.xml:21:5-23:60
MERGED from [com.android.support:support-media-compat:25.1.1] AndroidManifest.xml:21:5-23:63
MERGED from [com.android.support:support-core-utils:25.1.1] AndroidManifest.xml:21:5-23:61
MERGED from [com.android.support:animated-vector-drawable:25.1.1] AndroidManifest.xml:20:5-44
MERGED from [com.android.support:support-vector-drawable:25.1.1] AndroidManifest.xml:21:5-43
MERGED from [com.android.support:recyclerview-v7:25.1.1] AndroidManifest.xml:20:5-43
MERGED from [com.android.support:support-core-ui:25.1.1] AndroidManifest.xml:21:5-23:58
MERGED from [com.android.support:support-compat:25.1.1] AndroidManifest.xml:21:5-23:58
MERGED from [com.android.support:cardview-v7:25.1.1] AndroidManifest.xml:20:5-43
MERGED from [jp.wasabeef:glide-transformations:2.0.1] AndroidManifest.xml:8:5-10:41
	tools:overrideLibrary
		ADDED from [com.android.support:appcompat-v7:25.1.1] AndroidManifest.xml:23:9-75
	android:targetSdkVersion
		INJECTED from src\main\AndroidManifest.xml
		INJECTED from src\main\AndroidManifest.xml
	android:minSdkVersion
		INJECTED from src\main\AndroidManifest.xml
		INJECTED from src\main\AndroidManifest.xml